<?xml version="1.0" encoding="UTF-8"?>
<!-- Generated by org.testng.reporters.JUnitReportReporter -->
<testsuite hostname="no" failures="0" tests="1" name="scripts.DemoTest" time="73.101" errors="0" timestamp="10 Nov 2023 17:52:59 GMT" skipped="0">
  <testcase classname="scripts.DemoTest" name="testA" time="73.101"/>
</testsuite> <!-- scripts.DemoTest -->
